<?xml version="1.0" encoding="UTF-8"?>
<!-- Generated by org.testng.reporters.JUnitReportReporter -->
<testsuite skipped="0" hostname="DESKTOP-1U3KN85" name="getandpost.Get_Post" tests="1" failures="0" timestamp="27 Feb 2019 08:59:45 GMT" time="1.532" errors="0">
  <testcase name="test1" time="1.532" classname="getandpost.Get_Post"/>
</testsuite> <!-- getandpost.Get_Post -->
